<?xml version="1.0" encoding="UTF-8"?>
<testng-results ignored="0" total="1" passed="1" failed="0" skipped="0">
  <reporter-output>
  </reporter-output>
  <suite started-at="2021-08-23T14:37:29 IST" name="Default suite" finished-at="2021-08-23T14:37:45 IST" duration-ms="16233">
    <groups>
    </groups>
    <test started-at="2021-08-23T14:37:29 IST" name="Default test" finished-at="2021-08-23T14:37:45 IST" duration-ms="16233">
      <class name="com.stackoverflow.testrig.StackEx">
        <test-method is-config="true" signature="openBrowser()[pri:0, instance:com.stackoverflow.testrig.StackEx@550ee7e5]" started-at="2021-08-23T14:37:16 IST" name="openBrowser" finished-at="2021-08-23T14:37:29 IST" duration-ms="13497" status="PASS">
          <reporter-output>
          </reporter-output>
        </test-method> <!-- openBrowser -->
        <test-method signature="countMaxQuestionsFromTag()[pri:1, instance:com.stackoverflow.testrig.StackEx@550ee7e5]" started-at="2021-08-23T14:37:29 IST" name="countMaxQuestionsFromTag" finished-at="2021-08-23T14:37:45 IST" duration-ms="16099" status="PASS">
          <reporter-output>
          </reporter-output>
        </test-method> <!-- countMaxQuestionsFromTag -->
        <test-method is-config="true" signature="closeBrowser()[pri:0, instance:com.stackoverflow.testrig.StackEx@550ee7e5]" started-at="2021-08-23T14:37:46 IST" name="closeBrowser" finished-at="2021-08-23T14:37:49 IST" duration-ms="3604" status="PASS">
          <reporter-output>
          </reporter-output>
        </test-method> <!-- closeBrowser -->
      </class> <!-- com.stackoverflow.testrig.StackEx -->
    </test> <!-- Default test -->
  </suite> <!-- Default suite -->
</testng-results>
